<?xml version="1.0" encoding="UTF-8"?>
<testsuite xmlns:xsi="http://www.w3.org/2001/XMLSchema-instance" xsi:noNamespaceSchemaLocation="https://maven.apache.org/surefire/maven-surefire-plugin/xsd/surefire-test-report.xsd" name="Runner.Runner" time="0.641" tests="1" errors="1" skipped="0" failures="0">
  <properties>
[...]
</properties>
  <testcase name="Delete a Post" classname="Interview questions for bibit" time="0.314">
    <error message="Could not start a new session. Response code 500. Message: An unknown server-side error occurred while processing the command. Original error: Could not find a driver for automationName &apos;Chromium&apos; and platformName &apos;mac&apos;. Have you installed a driver that supports those capabilities? Run &apos;appium driver list --installed&apos; to see. (Lower-level error: Driver &apos;chromium&apos; supports automationName &apos;Chromium&apos;, but Appium could not find support for platformName &apos;mac&apos;. Supported platformNames are: [&quot;Windows&quot;,&quot;macOS&quot;,&quot;Linux&quot;]) &#10;Host info: host: &apos;Naufal-Hafiz.local&apos;, ip: &apos;fe80:0:0:0:4c:47de:3217:11d9%en0&apos;&#10;Build info: version: &apos;4.33.0&apos;, revision: &apos;2c6aaad03a&apos;&#10;System info: os.name: &apos;Mac OS X&apos;, os.arch: &apos;aarch64&apos;, os.version: &apos;14.3.1&apos;, java.version: &apos;17.0.8&apos;&#10;Driver info: org.openqa.selenium.remote.RemoteWebDriver&#10;Command: [null, newSession {capabilities=[Capabilities {appium:automationName: Chromium, browserName: chrome, goog:chromeOptions: {&quot;args&quot;:[&quot;--remote-allow-or..., platformName: mac}]}]&#10;Capabilities {appium:automationName: Chromium, browserName: chrome, goog:chromeOptions: {&quot;args&quot;:[&quot;--remote-allow-or..., platformName: mac}" type="org.openqa.selenium.SessionNotCreatedException">org.openqa.selenium.SessionNotCreatedException: 
Could not start a new session. Response code 500. Message: An unknown server-side error occurred while processing the command. Original error: Could not find a driver for automationName 'Chromium' and platformName 'mac'. Have you installed a driver that supports those capabilities? Run 'appium driver list --installed' to see. (Lower-level error: Driver 'chromium' supports automationName 'Chromium', but Appium could not find support for platformName 'mac'. Supported platformNames are: ["Windows","macOS","Linux"]) 
Host info: host: 'Naufal-Hafiz.local', ip: 'fe80:0:0:0:4c:47de:3217:11d9%en0'
Build info: version: '4.33.0', revision: '2c6aaad03a'
System info: os.name: 'Mac OS X', os.arch: 'aarch64', os.version: '14.3.1', java.version: '17.0.8'
Driver info: org.openqa.selenium.remote.RemoteWebDriver
Command: [null, newSession {capabilities=[Capabilities {appium:automationName: Chromium, browserName: chrome, goog:chromeOptions: {"args":["--remote-allow-or..., platformName: mac}]}]
Capabilities {appium:automationName: Chromium, browserName: chrome, goog:chromeOptions: {"args":["--remote-allow-or..., platformName: mac}
</error>
    <system-out><![CDATA[
@InterviewQuestions @API @DELETE
Scenario Outline: Delete a Post                                           &amp#27;[90m# src/test/resources/features/interviewQuestions.feature:73&amp#27;[0m
capabilitiesJson: {
  "capabilities": {
    "platformName": "mac",
    "appium:automationName": "Chromium",
    "browserName": "chrome",
    "goog:chromeOptions": {
      "args": [
        "--remote-allow-origins=*",
        "--user-data-dir=/Users/ibadurrahmanziaulhaq/Library/Application Support/Google/Chrome",
        "--profile-directory=Profile 2",
        "--no-sandbox",
        "--disable-dev-shm-usage",
        "--remote-debugging-port=9222"
      ]
    }
  }
}

      &amp#27;[31morg.openqa.selenium.SessionNotCreatedException: Could not start a new session. Response code 500. Message: An unknown server-side error occurred while processing the command. Original error: Could not find a driver for automationName 'Chromium' and platformName 'mac'. Have you installed a driver that supports those capabilities? Run 'appium driver list --installed' to see. (Lower-level error: Driver 'chromium' supports automationName 'Chromium', but Appium could not find support for platformName 'mac'. Supported platformNames are: ["Windows","macOS","Linux"]) 
Host info: host: 'Naufal-Hafiz.local', ip: 'fe80:0:0:0:4c:47de:3217:11d9%en0'
Build info: version: '4.33.0', revision: '2c6aaad03a'
System info: os.name: 'Mac OS X', os.arch: 'aarch64', os.version: '14.3.1', java.version: '17.0.8'
Driver info: org.openqa.selenium.remote.RemoteWebDriver
Command: [null, newSession {capabilities=[Capabilities {appium:automationName: Chromium, browserName: chrome, goog:chromeOptions: {"args":["--remote-allow-or..., platformName: mac}]}]
Capabilities {appium:automationName: Chromium, browserName: chrome, goog:chromeOptions: {"args":["--remote-allow-or..., platformName: mac}
	at org.openqa.selenium.remote.ProtocolHandshake.createSession(ProtocolHandshake.java:114)
	at org.openqa.selenium.remote.ProtocolHandshake.createSession(ProtocolHandshake.java:75)
	at org.openqa.selenium.remote.ProtocolHandshake.createSession(ProtocolHandshake.java:61)
	at org.openqa.selenium.remote.HttpCommandExecutor.execute(HttpCommandExecutor.java:187)
	at org.openqa.selenium.remote.TracedCommandExecutor.execute(TracedCommandExecutor.java:53)
	at org.openqa.selenium.remote.RemoteWebDriver.execute(RemoteWebDriver.java:544)
	at org.openqa.selenium.remote.RemoteWebDriver.startSession(RemoteWebDriver.java:244)
	at org.openqa.selenium.remote.RemoteWebDriver.<init>(RemoteWebDriver.java:173)
	at org.openqa.selenium.remote.RemoteWebDriver.<init>(RemoteWebDriver.java:151)
	at Setup.Setup.setUp(Setup.java:37)
&amp#27;[0m
  &amp#27;[36mGiven &amp#27;[0m&amp#27;[36mthe API base URL is &amp#27;[0m&amp#27;[36m&amp#27;[1m"https://jsonplaceholder.typicode.com"&amp#27;[0m        &amp#27;[90m# StepDefinitions.StepDefinitionApi.setBaseUrl(java.lang.String)&amp#27;[0m
  &amp#27;[36mAnd &amp#27;[0m&amp#27;[36mthe header &amp#27;[0m&amp#27;[36m&amp#27;[1m"Content-Type"&amp#27;[0m&amp#27;[36m is &amp#27;[0m&amp#27;[36m&amp#27;[1m"application/json"&amp#27;[0m                     &amp#27;[90m# StepDefinitions.StepDefinitionApi.setHeader(java.lang.String,java.lang.String)&amp#27;[0m
  &amp#27;[36mWhen &amp#27;[0m&amp#27;[36muser send a &amp#27;[0m&amp#27;[36m&amp#27;[1m"DELETE"&amp#27;[0m&amp#27;[36m request to &amp#27;[0m&amp#27;[36m&amp#27;[1m"/posts/1"&amp#27;[0m                         &amp#27;[90m# StepDefinitions.StepDefinitionApi.sendGetRequest(java.lang.String,java.lang.String)&amp#27;[0m
  &amp#27;[36mThen &amp#27;[0m&amp#27;[36mstatus code is &amp#27;[0m&amp#27;[36m&amp#27;[1m200&amp#27;[0m                                                 &amp#27;[90m# StepDefinitions.StepDefinitionApi.validateStatusCode(int)&amp#27;[0m
  &amp#27;[36mAnd &amp#27;[0m&amp#27;[36mthe response body is &amp#27;[0m&amp#27;[36m&amp#27;[1m"{}"&amp#27;[0m                                           &amp#27;[90m# StepDefinitions.StepDefinitionApi.validateResponseBody(java.lang.String)&amp#27;[0m
  &amp#27;[36mAnd &amp#27;[0m&amp#27;[36mthe schema matches with &amp#27;[0m&amp#27;[36m&amp#27;[1m"src/test/resources/JsonSchema/delete.json"&amp#27;[0m &amp#27;[90m# StepDefinitions.StepDefinitionApi.validateJsonResponseSchema(java.lang.String)&amp#27;[0m
]]></system-out>
    <system-err><![CDATA[Jun 28, 2025 3:24:45 AM org.openqa.selenium.remote.tracing.opentelemetry.OpenTelemetryTracer createTracer
INFO: Using OpenTelemetry for tracing
org.openqa.selenium.SessionNotCreatedException: Could not start a new session. Response code 500. Message: An unknown server-side error occurred while processing the command. Original error: Could not find a driver for automationName 'Chromium' and platformName 'mac'. Have you installed a driver that supports those capabilities? Run 'appium driver list --installed' to see. (Lower-level error: Driver 'chromium' supports automationName 'Chromium', but Appium could not find support for platformName 'mac'. Supported platformNames are: ["Windows","macOS","Linux"]) 
Host info: host: 'Naufal-Hafiz.local', ip: 'fe80:0:0:0:4c:47de:3217:11d9%en0'
Build info: version: '4.33.0', revision: '2c6aaad03a'
System info: os.name: 'Mac OS X', os.arch: 'aarch64', os.version: '14.3.1', java.version: '17.0.8'
Driver info: org.openqa.selenium.remote.RemoteWebDriver
Command: [null, newSession {capabilities=[Capabilities {appium:automationName: Chromium, browserName: chrome, goog:chromeOptions: {"args":["--remote-allow-or..., platformName: mac}]}]
Capabilities {appium:automationName: Chromium, browserName: chrome, goog:chromeOptions: {"args":["--remote-allow-or..., platformName: mac}
	at org.openqa.selenium.remote.ProtocolHandshake.createSession(ProtocolHandshake.java:114)
	at org.openqa.selenium.remote.ProtocolHandshake.createSession(ProtocolHandshake.java:75)
	at org.openqa.selenium.remote.ProtocolHandshake.createSession(ProtocolHandshake.java:61)
	at org.openqa.selenium.remote.HttpCommandExecutor.execute(HttpCommandExecutor.java:187)
	at org.openqa.selenium.remote.TracedCommandExecutor.execute(TracedCommandExecutor.java:53)
	at org.openqa.selenium.remote.RemoteWebDriver.execute(RemoteWebDriver.java:544)
	at org.openqa.selenium.remote.RemoteWebDriver.startSession(RemoteWebDriver.java:244)
	at org.openqa.selenium.remote.RemoteWebDriver.<init>(RemoteWebDriver.java:173)
	at org.openqa.selenium.remote.RemoteWebDriver.<init>(RemoteWebDriver.java:151)
	at Setup.Setup.setUp(Setup.java:37)
	at java.base/jdk.internal.reflect.NativeMethodAccessorImpl.invoke0(Native Method)
	at java.base/jdk.internal.reflect.NativeMethodAccessorImpl.invoke(NativeMethodAccessorImpl.java:77)
	at java.base/jdk.internal.reflect.DelegatingMethodAccessorImpl.invoke(DelegatingMethodAccessorImpl.java:43)
	at java.base/java.lang.reflect.Method.invoke(Method.java:568)
	at io.cucumber.java.Invoker.doInvoke(Invoker.java:66)
	at io.cucumber.java.Invoker.invoke(Invoker.java:24)
	at io.cucumber.java.AbstractGlueDefinition.invokeMethod(AbstractGlueDefinition.java:47)
	at io.cucumber.java.JavaHookDefinition.execute(JavaHookDefinition.java:64)
	at io.cucumber.core.runner.CoreHookDefinition.execute(CoreHookDefinition.java:47)
	at io.cucumber.core.runner.HookDefinitionMatch.runStep(HookDefinitionMatch.java:21)
	at io.cucumber.core.runner.ExecutionMode$1.execute(ExecutionMode.java:10)
	at io.cucumber.core.runner.TestStep.executeStep(TestStep.java:81)
	at io.cucumber.core.runner.TestStep.run(TestStep.java:53)
	at io.cucumber.core.runner.TestCase.run(TestCase.java:78)
	at io.cucumber.core.runner.Runner.runPickle(Runner.java:75)
	at io.cucumber.junit.PickleRunners$NoStepDescriptions.lambda$run$0(PickleRunners.java:151)
	at io.cucumber.core.runtime.CucumberExecutionContext.lambda$runTestCase$5(CucumberExecutionContext.java:136)
	at io.cucumber.core.runtime.RethrowingThrowableCollector.executeAndThrow(RethrowingThrowableCollector.java:23)
	at io.cucumber.core.runtime.CucumberExecutionContext.runTestCase(CucumberExecutionContext.java:136)
	at io.cucumber.junit.PickleRunners$NoStepDescriptions.run(PickleRunners.java:148)
	at io.cucumber.junit.FeatureRunner.runChild(FeatureRunner.java:144)
	at io.cucumber.junit.FeatureRunner.runChild(FeatureRunner.java:28)
	at org.junit.runners.ParentRunner$4.run(ParentRunner.java:331)
	at org.junit.runners.ParentRunner$1.schedule(ParentRunner.java:79)
	at org.junit.runners.ParentRunner.runChildren(ParentRunner.java:329)
	at org.junit.runners.ParentRunner.access$100(ParentRunner.java:66)
	at org.junit.runners.ParentRunner$2.evaluate(ParentRunner.java:293)
	at org.junit.runners.ParentRunner$3.evaluate(ParentRunner.java:306)
	at org.junit.runners.ParentRunner.run(ParentRunner.java:413)
	at io.cucumber.junit.FeatureRunner.run(FeatureRunner.java:137)
	at io.cucumber.junit.Cucumber.runChild(Cucumber.java:199)
	at io.cucumber.junit.Cucumber.runChild(Cucumber.java:89)
	at org.junit.runners.ParentRunner$4.run(ParentRunner.java:331)
	at org.junit.runners.ParentRunner$1.schedule(ParentRunner.java:79)
	at org.junit.runners.ParentRunner.runChildren(ParentRunner.java:329)
	at org.junit.runners.ParentRunner.access$100(ParentRunner.java:66)
	at org.junit.runners.ParentRunner$2.evaluate(ParentRunner.java:293)
	at io.cucumber.core.runtime.CucumberExecutionContext.lambda$runFeatures$6(CucumberExecutionContext.java:147)
	at io.cucumber.core.runtime.CucumberExecutionContext.execute(CucumberExecutionContext.java:162)
	at io.cucumber.core.runtime.CucumberExecutionContext.runFeatures(CucumberExecutionContext.java:145)
	at io.cucumber.junit.Cucumber$StartAndFinishTestRun.evaluate(Cucumber.java:229)
	at org.junit.runners.ParentRunner$3.evaluate(ParentRunner.java:306)
	at org.junit.runners.ParentRunner.run(ParentRunner.java:413)
	at org.apache.maven.surefire.junit4.JUnit4Provider.execute(JUnit4Provider.java:365)
	at org.apache.maven.surefire.junit4.JUnit4Provider.executeWithRerun(JUnit4Provider.java:273)
	at org.apache.maven.surefire.junit4.JUnit4Provider.executeTestSet(JUnit4Provider.java:238)
	at org.apache.maven.surefire.junit4.JUnit4Provider.invoke(JUnit4Provider.java:159)
	at org.apache.maven.surefire.booter.ForkedBooter.invokeProviderInSameClassLoader(ForkedBooter.java:384)
	at org.apache.maven.surefire.booter.ForkedBooter.runSuitesInProcess(ForkedBooter.java:345)
	at org.apache.maven.surefire.booter.ForkedBooter.execute(ForkedBooter.java:126)
	at org.apache.maven.surefire.booter.ForkedBooter.main(ForkedBooter.java:418)
]]></system-err>
  </testcase>
</testsuite>